11:46:36 AM  [main] 	Initializing Control Panel
11:46:36 AM  [main] 	Windows Version:  Home  64-bit
11:46:36 AM  [main] 	XAMPP Version: 8.1.4
11:46:36 AM  [main] 	Control Panel Version: 3.3.0  [ Compiled: Apr 6th 2021 ]
11:46:36 AM  [main] 	You are not running with administrator rights! This will work for
11:46:36 AM  [main] 	most application stuff but whenever you do something with services
11:46:36 AM  [main] 	there will be a security dialogue or things will break! So think 
11:46:36 AM  [main] 	about running this application with administrator rights!
11:46:36 AM  [main] 	XAMPP Installation Directory: "e:\capstone\xampp\"
11:46:36 AM  [main] 	Checking for prerequisites
11:46:38 AM  [main] 	All prerequisites found
11:46:38 AM  [main] 	Initializing Modules
11:46:38 AM  [main] 	The FileZilla module is disabled
11:46:38 AM  [main] 	The Mercury module is disabled
11:46:38 AM  [main] 	The Tomcat module is disabled
11:46:38 AM  [main] 	Starting Check-Timer
11:46:38 AM  [main] 	Control Panel Ready
11:46:42 AM  [Apache] 	Attempting to start Apache app...
11:46:42 AM  [Apache] 	Status change detected: running
11:46:43 AM  [Apache] 	Status change detected: stopped
11:46:43 AM  [Apache] 	Error: Apache shutdown unexpectedly.
11:46:43 AM  [Apache] 	This may be due to a blocked port, missing dependencies, 
11:46:43 AM  [Apache] 	improper privileges, a crash, or a shutdown by another method.
11:46:43 AM  [Apache] 	Press the Logs button to view error logs and check
11:46:43 AM  [Apache] 	the Windows Event Viewer for more clues
11:46:43 AM  [Apache] 	If you need more help, copy and post this
11:46:43 AM  [Apache] 	entire log window on the forums
11:46:43 AM  [mysql] 	Attempting to start MySQL app...
11:46:44 AM  [mysql] 	Status change detected: running
11:46:44 AM  [mysql] 	Status change detected: stopped
11:46:44 AM  [mysql] 	Error: MySQL shutdown unexpectedly.
11:46:44 AM  [mysql] 	This may be due to a blocked port, missing dependencies, 
11:46:44 AM  [mysql] 	improper privileges, a crash, or a shutdown by another method.
11:46:44 AM  [mysql] 	Press the Logs button to view error logs and check
11:46:44 AM  [mysql] 	the Windows Event Viewer for more clues
11:46:44 AM  [mysql] 	If you need more help, copy and post this
11:46:44 AM  [mysql] 	entire log window on the forums
11:46:51 AM  [Apache] 	Attempting to start Apache app...
11:46:51 AM  [Apache] 	Status change detected: running
11:46:51 AM  [Apache] 	Status change detected: stopped
11:46:51 AM  [Apache] 	Error: Apache shutdown unexpectedly.
11:46:51 AM  [Apache] 	This may be due to a blocked port, missing dependencies, 
11:46:51 AM  [Apache] 	improper privileges, a crash, or a shutdown by another method.
11:46:51 AM  [Apache] 	Press the Logs button to view error logs and check
11:46:51 AM  [Apache] 	the Windows Event Viewer for more clues
11:46:51 AM  [Apache] 	If you need more help, copy and post this
11:46:51 AM  [Apache] 	entire log window on the forums
11:47:14 AM  [Apache] 	Attempting to start Apache app...
11:47:15 AM  [Apache] 	Status change detected: running
11:47:15 AM  [Apache] 	Status change detected: stopped
11:47:15 AM  [Apache] 	Error: Apache shutdown unexpectedly.
11:47:15 AM  [Apache] 	This may be due to a blocked port, missing dependencies, 
11:47:15 AM  [Apache] 	improper privileges, a crash, or a shutdown by another method.
11:47:15 AM  [Apache] 	Press the Logs button to view error logs and check
11:47:15 AM  [Apache] 	the Windows Event Viewer for more clues
11:47:15 AM  [Apache] 	If you need more help, copy and post this
11:47:15 AM  [Apache] 	entire log window on the forums
11:47:17 AM  [Apache] 	Attempting to start Apache app...
11:47:17 AM  [Apache] 	Status change detected: running
11:47:17 AM  [Apache] 	Status change detected: stopped
11:47:17 AM  [Apache] 	Error: Apache shutdown unexpectedly.
11:47:17 AM  [Apache] 	This may be due to a blocked port, missing dependencies, 
11:47:17 AM  [Apache] 	improper privileges, a crash, or a shutdown by another method.
11:47:17 AM  [Apache] 	Press the Logs button to view error logs and check
11:47:17 AM  [Apache] 	the Windows Event Viewer for more clues
11:47:17 AM  [Apache] 	If you need more help, copy and post this
11:47:17 AM  [Apache] 	entire log window on the forums
11:47:27 AM  [main] 	Deinitializing Modules
11:47:27 AM  [main] 	Deinitializing Control Panel

11:49:17 AM  [main] 	Initializing Control Panel
11:49:17 AM  [main] 	Windows Version:  Home  64-bit
11:49:17 AM  [main] 	XAMPP Version: 8.1.4
11:49:17 AM  [main] 	Control Panel Version: 3.3.0  [ Compiled: Apr 6th 2021 ]
11:49:17 AM  [main] 	You are not running with administrator rights! This will work for
11:49:17 AM  [main] 	most application stuff but whenever you do something with services
11:49:17 AM  [main] 	there will be a security dialogue or things will break! So think 
11:49:17 AM  [main] 	about running this application with administrator rights!
11:49:17 AM  [main] 	XAMPP Installation Directory: "e:\capstone\xampp\"
11:49:17 AM  [main] 	Checking for prerequisites
11:49:17 AM  [main] 	All prerequisites found
11:49:17 AM  [main] 	Initializing Modules
11:49:17 AM  [main] 	The FileZilla module is disabled
11:49:17 AM  [main] 	The Mercury module is disabled
11:49:17 AM  [main] 	The Tomcat module is disabled
11:49:17 AM  [main] 	Starting Check-Timer
11:49:17 AM  [main] 	Control Panel Ready
11:49:20 AM  [Apache] 	Attempting to start Apache app...
11:49:20 AM  [Apache] 	Status change detected: running
11:49:20 AM  [Apache] 	Status change detected: stopped
11:49:20 AM  [Apache] 	Error: Apache shutdown unexpectedly.
11:49:20 AM  [Apache] 	This may be due to a blocked port, missing dependencies, 
11:49:20 AM  [Apache] 	improper privileges, a crash, or a shutdown by another method.
11:49:20 AM  [Apache] 	Press the Logs button to view error logs and check
11:49:20 AM  [Apache] 	the Windows Event Viewer for more clues
11:49:20 AM  [Apache] 	If you need more help, copy and post this
11:49:20 AM  [Apache] 	entire log window on the forums
11:49:22 AM  [main] 	Deinitializing Modules
11:49:22 AM  [main] 	Deinitializing Control Panel

11:49:40 AM  [main] 	Initializing Control Panel
11:49:40 AM  [main] 	Windows Version:  Home  64-bit
11:49:40 AM  [main] 	XAMPP Version: 8.1.4
11:49:40 AM  [main] 	Control Panel Version: 3.3.0  [ Compiled: Apr 6th 2021 ]
11:49:40 AM  [main] 	You are not running with administrator rights! This will work for
11:49:40 AM  [main] 	most application stuff but whenever you do something with services
11:49:40 AM  [main] 	there will be a security dialogue or things will break! So think 
11:49:40 AM  [main] 	about running this application with administrator rights!
11:49:40 AM  [main] 	XAMPP Installation Directory: "e:\capstone\xampp\"
11:49:40 AM  [main] 	Checking for prerequisites
11:49:40 AM  [main] 	All prerequisites found
11:49:40 AM  [main] 	Initializing Modules
11:49:40 AM  [main] 	The FileZilla module is disabled
11:49:40 AM  [main] 	The Mercury module is disabled
11:49:40 AM  [main] 	The Tomcat module is disabled
11:49:40 AM  [main] 	Starting Check-Timer
11:49:40 AM  [main] 	Control Panel Ready
11:49:41 AM  [Apache] 	Attempting to start Apache app...
11:49:42 AM  [Apache] 	Status change detected: running
11:49:44 AM  [mysql] 	Attempting to start MySQL app...
11:49:44 AM  [mysql] 	Status change detected: running
11:53:08 AM  [mysql] 	Attempting to stop MySQL app...
11:53:08 AM  [mysql] 	Status change detected: stopped
11:53:10 AM  [Apache] 	Attempting to stop Apache (PID: 9908)
11:53:10 AM  [Apache] 	Attempting to stop Apache (PID: 7080)
11:53:10 AM  [Apache] 	Status change detected: stopped
11:53:12 AM  [main] 	Deinitializing Modules
11:53:12 AM  [main] 	Deinitializing Control Panel

7:42:39 PM  [main] 	Initializing Control Panel
7:42:39 PM  [main] 	Windows Version:  Home  64-bit
7:42:39 PM  [main] 	XAMPP Version: 8.1.4
7:42:39 PM  [main] 	Control Panel Version: 3.3.0  [ Compiled: Apr 6th 2021 ]
7:42:39 PM  [main] 	You are not running with administrator rights! This will work for
7:42:39 PM  [main] 	most application stuff but whenever you do something with services
7:42:39 PM  [main] 	there will be a security dialogue or things will break! So think 
7:42:39 PM  [main] 	about running this application with administrator rights!
7:42:39 PM  [main] 	XAMPP Installation Directory: "e:\capstone\xampp\"
7:42:39 PM  [main] 	Checking for prerequisites
7:42:40 PM  [main] 	All prerequisites found
7:42:40 PM  [main] 	Initializing Modules
7:42:40 PM  [main] 	The FileZilla module is disabled
7:42:40 PM  [main] 	The Mercury module is disabled
7:42:40 PM  [main] 	The Tomcat module is disabled
7:42:40 PM  [main] 	Starting Check-Timer
7:42:40 PM  [main] 	Control Panel Ready
7:42:43 PM  [Apache] 	Attempting to start Apache app...
7:42:43 PM  [Apache] 	Status change detected: running
7:42:46 PM  [mysql] 	Attempting to start MySQL app...
7:42:47 PM  [mysql] 	Status change detected: running
7:44:46 PM  [mysql] 	Attempting to stop MySQL app...
7:44:46 PM  [mysql] 	Status change detected: stopped
7:44:47 PM  [Apache] 	Attempting to stop Apache (PID: 12080)
7:44:47 PM  [Apache] 	Attempting to stop Apache (PID: 5540)
7:44:47 PM  [Apache] 	Status change detected: stopped
7:44:57 PM  [main] 	Deinitializing Modules
7:44:57 PM  [main] 	Deinitializing Control Panel

