2022-04-17 10:57:13 0 [Note] InnoDB: Mutexes and rw_locks use Windows interlocked functions
2022-04-17 10:57:13 0 [Note] InnoDB: Uses event mutexes
2022-04-17 10:57:13 0 [Note] InnoDB: Compressed tables use zlib 1.2.11
2022-04-17 10:57:13 0 [Note] InnoDB: Number of pools: 1
2022-04-17 10:57:13 0 [Note] InnoDB: Using SSE2 crc32 instructions
2022-04-17 10:57:13 0 [Note] InnoDB: Initializing buffer pool, total size = 16M, instances = 1, chunk size = 16M
2022-04-17 10:57:13 0 [Note] InnoDB: Completed initialization of buffer pool
2022-04-17 10:57:13 0 [Note] InnoDB: Starting crash recovery from checkpoint LSN=300288
2022-04-17 10:57:14 0 [Note] InnoDB: 128 out of 128 rollback segments are active.
2022-04-17 10:57:14 0 [Note] InnoDB: Removed temporary tablespace data file: "ibtmp1"
2022-04-17 10:57:14 0 [Note] InnoDB: Creating shared tablespace for temporary tables
2022-04-17 10:57:14 0 [Note] InnoDB: Setting file 'D:\TestingDatabaseStuff\mysql\data\ibtmp1' size to 12 MB. Physically writing the file full; Please wait ...
2022-04-17 10:57:14 0 [Note] InnoDB: File 'D:\TestingDatabaseStuff\mysql\data\ibtmp1' size is now 12 MB.
2022-04-17 10:57:14 0 [Note] InnoDB: Waiting for purge to start
2022-04-17 10:57:14 0 [Note] InnoDB: 10.4.24 started; log sequence number 300297; transaction id 170
2022-04-17 10:57:14 0 [Note] InnoDB: Loading buffer pool(s) from D:\TestingDatabaseStuff\mysql\data\ib_buffer_pool
2022-04-17 10:57:14 0 [Note] Plugin 'FEEDBACK' is disabled.
2022-04-17 10:57:14 0 [Note] Server socket created on IP: '::'.
2022-04-17 11:49:45 0 [Note] mysqld.exe: Aria engine: starting recovery
recovered pages: 0% 40% 100% (0.0 seconds); tables to flush: 1 0
 (0.0 seconds); 
2022-04-17 11:49:45 0 [Note] mysqld.exe: Aria engine: recovery done
2022-04-17 11:49:45 0 [Note] InnoDB: Mutexes and rw_locks use Windows interlocked functions
2022-04-17 11:49:45 0 [Note] InnoDB: Uses event mutexes
2022-04-17 11:49:45 0 [Note] InnoDB: Compressed tables use zlib 1.2.11
2022-04-17 11:49:45 0 [Note] InnoDB: Number of pools: 1
2022-04-17 11:49:45 0 [Note] InnoDB: Using SSE2 crc32 instructions
2022-04-17 11:49:45 0 [Note] InnoDB: Initializing buffer pool, total size = 16M, instances = 1, chunk size = 16M
2022-04-17 11:49:45 0 [Note] InnoDB: Completed initialization of buffer pool
2022-04-17 11:49:45 0 [Note] InnoDB: Starting crash recovery from checkpoint LSN=620046
2022-04-17 11:49:46 0 [Note] InnoDB: 128 out of 128 rollback segments are active.
2022-04-17 11:49:46 0 [Note] InnoDB: Removed temporary tablespace data file: "ibtmp1"
2022-04-17 11:49:46 0 [Note] InnoDB: Creating shared tablespace for temporary tables
2022-04-17 11:49:46 0 [Note] InnoDB: Setting file 'E:\Capstone\XAMPP\mysql\data\ibtmp1' size to 12 MB. Physically writing the file full; Please wait ...
2022-04-17 11:49:46 0 [Note] InnoDB: File 'E:\Capstone\XAMPP\mysql\data\ibtmp1' size is now 12 MB.
2022-04-17 11:49:47 0 [Note] InnoDB: Waiting for purge to start
2022-04-17 11:49:47 0 [Note] InnoDB: 10.4.24 started; log sequence number 620055; transaction id 361
2022-04-17 11:49:47 0 [Note] InnoDB: Loading buffer pool(s) from E:\Capstone\XAMPP\mysql\data\ib_buffer_pool
2022-04-17 11:49:47 0 [Note] Plugin 'FEEDBACK' is disabled.
2022-04-17 11:49:47 0 [Note] InnoDB: Buffer pool(s) load completed at 220417 11:49:47
2022-04-17 11:49:47 0 [Note] Server socket created on IP: '::'.
2022-04-17 19:42:47 0 [Note] InnoDB: Mutexes and rw_locks use Windows interlocked functions
2022-04-17 19:42:47 0 [Note] InnoDB: Uses event mutexes
2022-04-17 19:42:47 0 [Note] InnoDB: Compressed tables use zlib 1.2.11
2022-04-17 19:42:47 0 [Note] InnoDB: Number of pools: 1
2022-04-17 19:42:47 0 [Note] InnoDB: Using SSE2 crc32 instructions
2022-04-17 19:42:47 0 [Note] InnoDB: Initializing buffer pool, total size = 16M, instances = 1, chunk size = 16M
2022-04-17 19:42:47 0 [Note] InnoDB: Completed initialization of buffer pool
2022-04-17 19:42:48 0 [Note] InnoDB: Starting crash recovery from checkpoint LSN=624743
2022-04-17 19:42:49 0 [Note] InnoDB: 128 out of 128 rollback segments are active.
2022-04-17 19:42:49 0 [Note] InnoDB: Removed temporary tablespace data file: "ibtmp1"
2022-04-17 19:42:49 0 [Note] InnoDB: Creating shared tablespace for temporary tables
2022-04-17 19:42:49 0 [Note] InnoDB: Setting file 'E:\Capstone\XAMPP\mysql\data\ibtmp1' size to 12 MB. Physically writing the file full; Please wait ...
2022-04-17 19:42:49 0 [Note] InnoDB: File 'E:\Capstone\XAMPP\mysql\data\ibtmp1' size is now 12 MB.
2022-04-17 19:42:49 0 [Note] InnoDB: Waiting for purge to start
2022-04-17 19:42:49 0 [Note] InnoDB: 10.4.24 started; log sequence number 624752; transaction id 398
2022-04-17 19:42:49 0 [Note] InnoDB: Loading buffer pool(s) from E:\Capstone\XAMPP\mysql\data\ib_buffer_pool
2022-04-17 19:42:49 0 [Note] Plugin 'FEEDBACK' is disabled.
2022-04-17 19:42:49 0 [Note] InnoDB: Buffer pool(s) load completed at 220417 19:42:49
2022-04-17 19:42:49 0 [Note] Server socket created on IP: '::'.
